2022-02-07 10:20:13.942  INFO 3488 --- [restartedMain] c.p.b.BankingapplicationApplication      : Starting BankingapplicationApplication using Java 1.8.0_261 on Muhammed-Arshad with PID 3488 (D:\BankingAppBackup\Back-End\bankingapplication\target\classes started by user in D:\BankingAppBackup\Back-End\bankingapplication)
2022-02-07 10:20:13.993 DEBUG 3488 --- [restartedMain] c.p.b.BankingapplicationApplication      : Running with Spring Boot v2.6.3, Spring v5.3.15
2022-02-07 10:20:13.994  INFO 3488 --- [restartedMain] c.p.b.BankingapplicationApplication      : No active profile set, falling back to default profiles: default
2022-02-07 10:20:14.495  INFO 3488 --- [restartedMain] .e.DevToolsPropertyDefaultsPostProcessor : Devtools property defaults active! Set 'spring.devtools.add-properties' to 'false' to disable
2022-02-07 10:20:14.496  INFO 3488 --- [restartedMain] .e.DevToolsPropertyDefaultsPostProcessor : For additional web related logging consider setting the 'logging.level.web' property to 'DEBUG'
2022-02-07 10:20:19.218  INFO 3488 --- [restartedMain] .s.d.r.c.RepositoryConfigurationDelegate : Bootstrapping Spring Data JPA repositories in DEFAULT mode.
2022-02-07 10:20:19.746  INFO 3488 --- [restartedMain] .s.d.r.c.RepositoryConfigurationDelegate : Finished Spring Data repository scanning in 483 ms. Found 8 JPA repository interfaces.
2022-02-07 10:20:24.287  INFO 3488 --- [restartedMain] o.s.b.w.embedded.tomcat.TomcatWebServer  : Tomcat initialized with port(s): 8080 (http)
2022-02-07 10:20:24.470  INFO 3488 --- [restartedMain] o.apache.catalina.core.StandardService   : Starting service [Tomcat]
2022-02-07 10:20:24.471  INFO 3488 --- [restartedMain] org.apache.catalina.core.StandardEngine  : Starting Servlet engine: [Apache Tomcat/9.0.56]
2022-02-07 10:20:25.626  INFO 3488 --- [restartedMain] o.a.c.c.C.[.[localhost].[/ebanking]      : Initializing Spring embedded WebApplicationContext
2022-02-07 10:20:25.626  INFO 3488 --- [restartedMain] w.s.c.ServletWebServerApplicationContext : Root WebApplicationContext: initialization completed in 11129 ms
2022-02-07 10:20:28.668  INFO 3488 --- [restartedMain] o.hibernate.jpa.internal.util.LogHelper  : HHH000204: Processing PersistenceUnitInfo [name: default]
2022-02-07 10:20:29.015  INFO 3488 --- [restartedMain] org.hibernate.Version                    : HHH000412: Hibernate ORM core version 5.6.4.Final
2022-02-07 10:20:30.393  INFO 3488 --- [restartedMain] o.hibernate.annotations.common.Version   : HCANN000001: Hibernate Commons Annotations {5.1.2.Final}
2022-02-07 10:20:30.998  INFO 3488 --- [restartedMain] com.zaxxer.hikari.HikariDataSource       : HikariPool-1 - Starting...
2022-02-07 10:20:35.298  INFO 3488 --- [restartedMain] com.zaxxer.hikari.HikariDataSource       : HikariPool-1 - Start completed.
2022-02-07 10:20:35.568  INFO 3488 --- [restartedMain] org.hibernate.dialect.Dialect            : HHH000400: Using dialect: org.hibernate.dialect.MySQL8Dialect
2022-02-07 10:20:40.958  INFO 3488 --- [restartedMain] o.h.e.t.j.p.i.JtaPlatformInitiator       : HHH000490: Using JtaPlatform implementation: [org.hibernate.engine.transaction.jta.platform.internal.NoJtaPlatform]
2022-02-07 10:20:40.981  INFO 3488 --- [restartedMain] j.LocalContainerEntityManagerFactoryBean : Initialized JPA EntityManagerFactory for persistence unit 'default'
2022-02-07 10:20:47.388  WARN 3488 --- [restartedMain] ion$DefaultTemplateResolverConfiguration : Cannot find template location: classpath:/templates/ (please add some templates or check your Thymeleaf configuration)
2022-02-07 10:20:50.267  WARN 3488 --- [restartedMain] JpaBaseConfiguration$JpaWebConfiguration : spring.jpa.open-in-view is enabled by default. Therefore, database queries may be performed during view rendering. Explicitly configure spring.jpa.open-in-view to disable this warning
2022-02-07 10:20:54.052  INFO 3488 --- [restartedMain] o.s.b.d.a.OptionalLiveReloadServer       : LiveReload server is running on port 35729
2022-02-07 10:20:54.318  INFO 3488 --- [restartedMain] o.s.b.w.embedded.tomcat.TomcatWebServer  : Tomcat started on port(s): 8080 (http) with context path '/ebanking'
2022-02-07 10:20:54.364  INFO 3488 --- [restartedMain] c.p.b.BankingapplicationApplication      : Started BankingapplicationApplication in 41.957 seconds (JVM running for 45.341)
2022-02-07 10:28:02.670  INFO 3488 --- [http-nio-8080-exec-1] o.a.c.c.C.[.[localhost].[/ebanking]      : Initializing Spring DispatcherServlet 'dispatcherServlet'
2022-02-07 10:28:02.670  INFO 3488 --- [http-nio-8080-exec-1] o.s.web.servlet.DispatcherServlet        : Initializing Servlet 'dispatcherServlet'
2022-02-07 10:28:02.673  INFO 3488 --- [http-nio-8080-exec-1] o.s.web.servlet.DispatcherServlet        : Completed initialization in 3 ms
2022-02-07 10:28:11.189 ERROR 3488 --- [http-nio-8080-exec-4] c.p.b.controller.RegistryController      : error happened
2022-02-07 10:28:11.189 DEBUG 3488 --- [http-nio-8080-exec-4] c.p.b.controller.RegistryController      : debug needed
2022-02-07 10:28:11.189  WARN 3488 --- [http-nio-8080-exec-4] c.p.b.controller.RegistryController      : warning
2022-02-07 10:28:11.190  INFO 3488 --- [http-nio-8080-exec-4] c.p.b.controller.RegistryController      : infor message
2022-02-07 10:28:11.190 ERROR 3488 --- [http-nio-8080-exec-4] c.p.b.s.Implementation.StatementService  : error happened
2022-02-07 10:28:11.191 DEBUG 3488 --- [http-nio-8080-exec-4] c.p.b.s.Implementation.StatementService  : debug needed
2022-02-07 10:28:11.192  WARN 3488 --- [http-nio-8080-exec-4] c.p.b.s.Implementation.StatementService  : warning
2022-02-07 10:28:11.192  INFO 3488 --- [http-nio-8080-exec-4] c.p.b.s.Implementation.StatementService  : infor message
2022-02-07 10:30:57.864 ERROR 3488 --- [http-nio-8080-exec-8] c.p.b.controller.RegistryController      : error happened
2022-02-07 10:30:57.866 DEBUG 3488 --- [http-nio-8080-exec-8] c.p.b.controller.RegistryController      : debug needed
2022-02-07 10:30:57.866  WARN 3488 --- [http-nio-8080-exec-8] c.p.b.controller.RegistryController      : warning
2022-02-07 10:30:57.866  INFO 3488 --- [http-nio-8080-exec-8] c.p.b.controller.RegistryController      : infor message
2022-02-07 10:30:57.866 ERROR 3488 --- [http-nio-8080-exec-8] c.p.b.s.Implementation.StatementService  : error happened
2022-02-07 10:30:57.866 DEBUG 3488 --- [http-nio-8080-exec-8] c.p.b.s.Implementation.StatementService  : debug needed
2022-02-07 10:30:57.866  WARN 3488 --- [http-nio-8080-exec-8] c.p.b.s.Implementation.StatementService  : warning
2022-02-07 10:30:57.867  INFO 3488 --- [http-nio-8080-exec-8] c.p.b.s.Implementation.StatementService  : infor message
2022-02-07 10:46:06.797 ERROR 3488 --- [http-nio-8080-exec-2] c.p.b.controller.RegistryController      : error happened
2022-02-07 10:46:06.797 DEBUG 3488 --- [http-nio-8080-exec-2] c.p.b.controller.RegistryController      : debug needed
2022-02-07 10:46:06.797  WARN 3488 --- [http-nio-8080-exec-2] c.p.b.controller.RegistryController      : warning
2022-02-07 10:46:06.798  INFO 3488 --- [http-nio-8080-exec-2] c.p.b.controller.RegistryController      : infor message
2022-02-07 10:46:06.798 ERROR 3488 --- [http-nio-8080-exec-2] c.p.b.s.Implementation.StatementService  : error happened
2022-02-07 10:46:06.798 DEBUG 3488 --- [http-nio-8080-exec-2] c.p.b.s.Implementation.StatementService  : debug needed
2022-02-07 10:46:06.798  WARN 3488 --- [http-nio-8080-exec-2] c.p.b.s.Implementation.StatementService  : warning
2022-02-07 10:46:06.798  INFO 3488 --- [http-nio-8080-exec-2] c.p.b.s.Implementation.StatementService  : infor message
2022-02-07 10:48:35.033 ERROR 3488 --- [http-nio-8080-exec-8] c.p.b.controller.RegistryController      : error happened
2022-02-07 10:48:35.037 DEBUG 3488 --- [http-nio-8080-exec-8] c.p.b.controller.RegistryController      : debug needed
2022-02-07 10:48:35.038  WARN 3488 --- [http-nio-8080-exec-8] c.p.b.controller.RegistryController      : warning
2022-02-07 10:48:35.040  INFO 3488 --- [http-nio-8080-exec-8] c.p.b.controller.RegistryController      : infor message
2022-02-07 10:48:35.041 ERROR 3488 --- [http-nio-8080-exec-8] c.p.b.s.Implementation.StatementService  : error happened
2022-02-07 10:48:35.041 DEBUG 3488 --- [http-nio-8080-exec-8] c.p.b.s.Implementation.StatementService  : debug needed
2022-02-07 10:48:35.042  WARN 3488 --- [http-nio-8080-exec-8] c.p.b.s.Implementation.StatementService  : warning
2022-02-07 10:48:35.042  INFO 3488 --- [http-nio-8080-exec-8] c.p.b.s.Implementation.StatementService  : infor message
2022-02-07 10:48:46.022 ERROR 3488 --- [http-nio-8080-exec-10] c.p.b.controller.RegistryController      : error happened
2022-02-07 10:48:46.023 DEBUG 3488 --- [http-nio-8080-exec-10] c.p.b.controller.RegistryController      : debug needed
2022-02-07 10:48:46.023  WARN 3488 --- [http-nio-8080-exec-10] c.p.b.controller.RegistryController      : warning
2022-02-07 10:48:46.023  INFO 3488 --- [http-nio-8080-exec-10] c.p.b.controller.RegistryController      : infor message
2022-02-07 10:48:46.023 ERROR 3488 --- [http-nio-8080-exec-10] c.p.b.s.Implementation.StatementService  : error happened
2022-02-07 10:48:46.023 DEBUG 3488 --- [http-nio-8080-exec-10] c.p.b.s.Implementation.StatementService  : debug needed
2022-02-07 10:48:46.023  WARN 3488 --- [http-nio-8080-exec-10] c.p.b.s.Implementation.StatementService  : warning
2022-02-07 10:48:46.023  INFO 3488 --- [http-nio-8080-exec-10] c.p.b.s.Implementation.StatementService  : infor message
2022-02-07 10:51:14.920 ERROR 3488 --- [http-nio-8080-exec-3] c.p.b.controller.RegistryController      : error happened
2022-02-07 10:51:14.922 DEBUG 3488 --- [http-nio-8080-exec-3] c.p.b.controller.RegistryController      : debug needed
2022-02-07 10:51:14.922  WARN 3488 --- [http-nio-8080-exec-3] c.p.b.controller.RegistryController      : warning
2022-02-07 10:51:14.922  INFO 3488 --- [http-nio-8080-exec-3] c.p.b.controller.RegistryController      : infor message
2022-02-07 10:51:14.923 ERROR 3488 --- [http-nio-8080-exec-3] c.p.b.s.Implementation.StatementService  : error happened
2022-02-07 10:51:14.923 DEBUG 3488 --- [http-nio-8080-exec-3] c.p.b.s.Implementation.StatementService  : debug needed
2022-02-07 10:51:14.923  WARN 3488 --- [http-nio-8080-exec-3] c.p.b.s.Implementation.StatementService  : warning
2022-02-07 10:51:14.923  INFO 3488 --- [http-nio-8080-exec-3] c.p.b.s.Implementation.StatementService  : infor message
2022-02-07 10:51:37.369 ERROR 3488 --- [http-nio-8080-exec-6] c.p.b.controller.RegistryController      : error happened
2022-02-07 10:51:37.370 DEBUG 3488 --- [http-nio-8080-exec-6] c.p.b.controller.RegistryController      : debug needed
2022-02-07 10:51:37.370  WARN 3488 --- [http-nio-8080-exec-6] c.p.b.controller.RegistryController      : warning
2022-02-07 10:51:37.371  INFO 3488 --- [http-nio-8080-exec-6] c.p.b.controller.RegistryController      : infor message
2022-02-07 10:51:37.371 ERROR 3488 --- [http-nio-8080-exec-6] c.p.b.s.Implementation.StatementService  : error happened
2022-02-07 10:51:37.371 DEBUG 3488 --- [http-nio-8080-exec-6] c.p.b.s.Implementation.StatementService  : debug needed
2022-02-07 10:51:37.371  WARN 3488 --- [http-nio-8080-exec-6] c.p.b.s.Implementation.StatementService  : warning
2022-02-07 10:51:37.371  INFO 3488 --- [http-nio-8080-exec-6] c.p.b.s.Implementation.StatementService  : infor message
2022-02-07 10:52:03.031 ERROR 3488 --- [http-nio-8080-exec-9] c.p.b.controller.RegistryController      : error happened
2022-02-07 10:52:03.032 DEBUG 3488 --- [http-nio-8080-exec-9] c.p.b.controller.RegistryController      : debug needed
2022-02-07 10:52:03.032  WARN 3488 --- [http-nio-8080-exec-9] c.p.b.controller.RegistryController      : warning
2022-02-07 10:52:03.032  INFO 3488 --- [http-nio-8080-exec-9] c.p.b.controller.RegistryController      : infor message
2022-02-07 10:52:03.032 ERROR 3488 --- [http-nio-8080-exec-9] c.p.b.s.Implementation.StatementService  : error happened
2022-02-07 10:52:03.032 DEBUG 3488 --- [http-nio-8080-exec-9] c.p.b.s.Implementation.StatementService  : debug needed
2022-02-07 10:52:03.032  WARN 3488 --- [http-nio-8080-exec-9] c.p.b.s.Implementation.StatementService  : warning
2022-02-07 10:52:03.032  INFO 3488 --- [http-nio-8080-exec-9] c.p.b.s.Implementation.StatementService  : infor message
2022-02-07 11:08:46.775 ERROR 3488 --- [http-nio-8080-exec-2] c.p.b.controller.RegistryController      : error happened
2022-02-07 11:08:46.776 DEBUG 3488 --- [http-nio-8080-exec-2] c.p.b.controller.RegistryController      : debug needed
2022-02-07 11:08:46.776  WARN 3488 --- [http-nio-8080-exec-2] c.p.b.controller.RegistryController      : warning
2022-02-07 11:08:46.776  INFO 3488 --- [http-nio-8080-exec-2] c.p.b.controller.RegistryController      : infor message
2022-02-07 11:08:46.776 ERROR 3488 --- [http-nio-8080-exec-2] c.p.b.s.Implementation.StatementService  : error happened
2022-02-07 11:08:46.776 DEBUG 3488 --- [http-nio-8080-exec-2] c.p.b.s.Implementation.StatementService  : debug needed
2022-02-07 11:08:46.776  WARN 3488 --- [http-nio-8080-exec-2] c.p.b.s.Implementation.StatementService  : warning
2022-02-07 11:08:46.777  INFO 3488 --- [http-nio-8080-exec-2] c.p.b.s.Implementation.StatementService  : infor message
2022-02-07 11:09:02.017 ERROR 3488 --- [http-nio-8080-exec-3] c.p.b.controller.RegistryController      : error happened
2022-02-07 11:09:02.018 DEBUG 3488 --- [http-nio-8080-exec-3] c.p.b.controller.RegistryController      : debug needed
2022-02-07 11:09:02.018  WARN 3488 --- [http-nio-8080-exec-3] c.p.b.controller.RegistryController      : warning
2022-02-07 11:09:02.018  INFO 3488 --- [http-nio-8080-exec-3] c.p.b.controller.RegistryController      : infor message
2022-02-07 11:09:02.018 ERROR 3488 --- [http-nio-8080-exec-3] c.p.b.s.Implementation.StatementService  : error happened
2022-02-07 11:09:02.018 DEBUG 3488 --- [http-nio-8080-exec-3] c.p.b.s.Implementation.StatementService  : debug needed
2022-02-07 11:09:02.018  WARN 3488 --- [http-nio-8080-exec-3] c.p.b.s.Implementation.StatementService  : warning
2022-02-07 11:09:02.018  INFO 3488 --- [http-nio-8080-exec-3] c.p.b.s.Implementation.StatementService  : infor message
2022-02-07 11:09:13.290 ERROR 3488 --- [http-nio-8080-exec-4] c.p.b.controller.RegistryController      : error happened
2022-02-07 11:09:13.290 DEBUG 3488 --- [http-nio-8080-exec-4] c.p.b.controller.RegistryController      : debug needed
2022-02-07 11:09:13.290  WARN 3488 --- [http-nio-8080-exec-4] c.p.b.controller.RegistryController      : warning
2022-02-07 11:09:13.291  INFO 3488 --- [http-nio-8080-exec-4] c.p.b.controller.RegistryController      : infor message
2022-02-07 11:09:13.291 ERROR 3488 --- [http-nio-8080-exec-4] c.p.b.s.Implementation.StatementService  : error happened
2022-02-07 11:09:13.291 DEBUG 3488 --- [http-nio-8080-exec-4] c.p.b.s.Implementation.StatementService  : debug needed
2022-02-07 11:09:13.291  WARN 3488 --- [http-nio-8080-exec-4] c.p.b.s.Implementation.StatementService  : warning
2022-02-07 11:09:13.291  INFO 3488 --- [http-nio-8080-exec-4] c.p.b.s.Implementation.StatementService  : infor message
2022-02-07 11:09:14.233 ERROR 3488 --- [http-nio-8080-exec-5] c.p.b.controller.RegistryController      : error happened
2022-02-07 11:09:14.233 DEBUG 3488 --- [http-nio-8080-exec-5] c.p.b.controller.RegistryController      : debug needed
2022-02-07 11:09:14.234  WARN 3488 --- [http-nio-8080-exec-5] c.p.b.controller.RegistryController      : warning
2022-02-07 11:09:14.234  INFO 3488 --- [http-nio-8080-exec-5] c.p.b.controller.RegistryController      : infor message
2022-02-07 11:09:14.234 ERROR 3488 --- [http-nio-8080-exec-5] c.p.b.s.Implementation.StatementService  : error happened
2022-02-07 11:09:14.234 DEBUG 3488 --- [http-nio-8080-exec-5] c.p.b.s.Implementation.StatementService  : debug needed
2022-02-07 11:09:14.234  WARN 3488 --- [http-nio-8080-exec-5] c.p.b.s.Implementation.StatementService  : warning
2022-02-07 11:09:14.234  INFO 3488 --- [http-nio-8080-exec-5] c.p.b.s.Implementation.StatementService  : infor message
2022-02-07 11:09:16.018 ERROR 3488 --- [http-nio-8080-exec-6] c.p.b.controller.RegistryController      : error happened
2022-02-07 11:09:16.018 DEBUG 3488 --- [http-nio-8080-exec-6] c.p.b.controller.RegistryController      : debug needed
2022-02-07 11:09:16.019  WARN 3488 --- [http-nio-8080-exec-6] c.p.b.controller.RegistryController      : warning
2022-02-07 11:09:16.020  INFO 3488 --- [http-nio-8080-exec-6] c.p.b.controller.RegistryController      : infor message
2022-02-07 11:09:16.020 ERROR 3488 --- [http-nio-8080-exec-6] c.p.b.s.Implementation.StatementService  : error happened
2022-02-07 11:09:16.020 DEBUG 3488 --- [http-nio-8080-exec-6] c.p.b.s.Implementation.StatementService  : debug needed
2022-02-07 11:09:16.020  WARN 3488 --- [http-nio-8080-exec-6] c.p.b.s.Implementation.StatementService  : warning
2022-02-07 11:09:16.021  INFO 3488 --- [http-nio-8080-exec-6] c.p.b.s.Implementation.StatementService  : infor message
2022-02-07 11:09:22.260 ERROR 3488 --- [http-nio-8080-exec-7] c.p.b.controller.RegistryController      : error happened
2022-02-07 11:09:22.260 DEBUG 3488 --- [http-nio-8080-exec-7] c.p.b.controller.RegistryController      : debug needed
2022-02-07 11:09:22.261  WARN 3488 --- [http-nio-8080-exec-7] c.p.b.controller.RegistryController      : warning
2022-02-07 11:09:22.261  INFO 3488 --- [http-nio-8080-exec-7] c.p.b.controller.RegistryController      : infor message
2022-02-07 11:09:22.261 ERROR 3488 --- [http-nio-8080-exec-7] c.p.b.s.Implementation.StatementService  : error happened
2022-02-07 11:09:22.261 DEBUG 3488 --- [http-nio-8080-exec-7] c.p.b.s.Implementation.StatementService  : debug needed
2022-02-07 11:09:22.261  WARN 3488 --- [http-nio-8080-exec-7] c.p.b.s.Implementation.StatementService  : warning
2022-02-07 11:09:22.261  INFO 3488 --- [http-nio-8080-exec-7] c.p.b.s.Implementation.StatementService  : infor message
2022-02-07 11:09:33.154 ERROR 3488 --- [http-nio-8080-exec-8] c.p.b.controller.RegistryController      : error happened
2022-02-07 11:09:33.154 DEBUG 3488 --- [http-nio-8080-exec-8] c.p.b.controller.RegistryController      : debug needed
2022-02-07 11:09:33.154  WARN 3488 --- [http-nio-8080-exec-8] c.p.b.controller.RegistryController      : warning
2022-02-07 11:09:33.154  INFO 3488 --- [http-nio-8080-exec-8] c.p.b.controller.RegistryController      : infor message
2022-02-07 11:09:33.154 ERROR 3488 --- [http-nio-8080-exec-8] c.p.b.s.Implementation.StatementService  : error happened
2022-02-07 11:09:33.154 DEBUG 3488 --- [http-nio-8080-exec-8] c.p.b.s.Implementation.StatementService  : debug needed
2022-02-07 11:09:33.155  WARN 3488 --- [http-nio-8080-exec-8] c.p.b.s.Implementation.StatementService  : warning
2022-02-07 11:09:33.155  INFO 3488 --- [http-nio-8080-exec-8] c.p.b.s.Implementation.StatementService  : infor message
2022-02-07 11:09:40.270 ERROR 3488 --- [http-nio-8080-exec-9] c.p.b.controller.RegistryController      : error happened
2022-02-07 11:09:40.270 DEBUG 3488 --- [http-nio-8080-exec-9] c.p.b.controller.RegistryController      : debug needed
2022-02-07 11:09:40.270  WARN 3488 --- [http-nio-8080-exec-9] c.p.b.controller.RegistryController      : warning
2022-02-07 11:09:40.277  INFO 3488 --- [http-nio-8080-exec-9] c.p.b.controller.RegistryController      : infor message
2022-02-07 11:09:40.278 ERROR 3488 --- [http-nio-8080-exec-9] c.p.b.s.Implementation.StatementService  : error happened
2022-02-07 11:09:40.279 DEBUG 3488 --- [http-nio-8080-exec-9] c.p.b.s.Implementation.StatementService  : debug needed
2022-02-07 11:09:40.282  WARN 3488 --- [http-nio-8080-exec-9] c.p.b.s.Implementation.StatementService  : warning
2022-02-07 11:09:40.282  INFO 3488 --- [http-nio-8080-exec-9] c.p.b.s.Implementation.StatementService  : infor message
2022-02-07 11:09:44.960 ERROR 3488 --- [http-nio-8080-exec-10] c.p.b.controller.RegistryController      : error happened
2022-02-07 11:09:44.961 DEBUG 3488 --- [http-nio-8080-exec-10] c.p.b.controller.RegistryController      : debug needed
2022-02-07 11:09:44.961  WARN 3488 --- [http-nio-8080-exec-10] c.p.b.controller.RegistryController      : warning
2022-02-07 11:09:44.962  INFO 3488 --- [http-nio-8080-exec-10] c.p.b.controller.RegistryController      : infor message
2022-02-07 11:09:44.962 ERROR 3488 --- [http-nio-8080-exec-10] c.p.b.s.Implementation.StatementService  : error happened
2022-02-07 11:09:44.962 DEBUG 3488 --- [http-nio-8080-exec-10] c.p.b.s.Implementation.StatementService  : debug needed
2022-02-07 11:09:44.962  WARN 3488 --- [http-nio-8080-exec-10] c.p.b.s.Implementation.StatementService  : warning
2022-02-07 11:09:44.962  INFO 3488 --- [http-nio-8080-exec-10] c.p.b.s.Implementation.StatementService  : infor message
2022-02-07 11:10:15.436 ERROR 3488 --- [http-nio-8080-exec-1] c.p.b.controller.RegistryController      : error happened
2022-02-07 11:10:15.436 DEBUG 3488 --- [http-nio-8080-exec-1] c.p.b.controller.RegistryController      : debug needed
2022-02-07 11:10:15.436  WARN 3488 --- [http-nio-8080-exec-1] c.p.b.controller.RegistryController      : warning
2022-02-07 11:10:15.436  INFO 3488 --- [http-nio-8080-exec-1] c.p.b.controller.RegistryController      : infor message
2022-02-07 11:10:15.436 ERROR 3488 --- [http-nio-8080-exec-1] c.p.b.s.Implementation.StatementService  : error happened
2022-02-07 11:10:15.436 DEBUG 3488 --- [http-nio-8080-exec-1] c.p.b.s.Implementation.StatementService  : debug needed
2022-02-07 11:10:15.436  WARN 3488 --- [http-nio-8080-exec-1] c.p.b.s.Implementation.StatementService  : warning
2022-02-07 11:10:15.437  INFO 3488 --- [http-nio-8080-exec-1] c.p.b.s.Implementation.StatementService  : infor message
2022-02-07 11:10:15.506 ERROR 3488 --- [http-nio-8080-exec-2] c.p.b.controller.RegistryController      : error happened
2022-02-07 11:10:15.506 DEBUG 3488 --- [http-nio-8080-exec-2] c.p.b.controller.RegistryController      : debug needed
2022-02-07 11:10:15.507  WARN 3488 --- [http-nio-8080-exec-2] c.p.b.controller.RegistryController      : warning
2022-02-07 11:10:15.507  INFO 3488 --- [http-nio-8080-exec-2] c.p.b.controller.RegistryController      : infor message
2022-02-07 11:10:15.507 ERROR 3488 --- [http-nio-8080-exec-2] c.p.b.s.Implementation.StatementService  : error happened
2022-02-07 11:10:15.507 DEBUG 3488 --- [http-nio-8080-exec-2] c.p.b.s.Implementation.StatementService  : debug needed
2022-02-07 11:10:15.507  WARN 3488 --- [http-nio-8080-exec-2] c.p.b.s.Implementation.StatementService  : warning
2022-02-07 11:10:15.507  INFO 3488 --- [http-nio-8080-exec-2] c.p.b.s.Implementation.StatementService  : infor message
2022-02-07 11:10:26.819 ERROR 3488 --- [http-nio-8080-exec-3] c.p.b.controller.RegistryController      : error happened
2022-02-07 11:10:26.820 DEBUG 3488 --- [http-nio-8080-exec-3] c.p.b.controller.RegistryController      : debug needed
2022-02-07 11:10:26.820  WARN 3488 --- [http-nio-8080-exec-3] c.p.b.controller.RegistryController      : warning
2022-02-07 11:10:26.820  INFO 3488 --- [http-nio-8080-exec-3] c.p.b.controller.RegistryController      : infor message
2022-02-07 11:10:26.820 ERROR 3488 --- [http-nio-8080-exec-3] c.p.b.s.Implementation.StatementService  : error happened
2022-02-07 11:10:26.820 DEBUG 3488 --- [http-nio-8080-exec-3] c.p.b.s.Implementation.StatementService  : debug needed
2022-02-07 11:10:26.820  WARN 3488 --- [http-nio-8080-exec-3] c.p.b.s.Implementation.StatementService  : warning
2022-02-07 11:10:26.820  INFO 3488 --- [http-nio-8080-exec-3] c.p.b.s.Implementation.StatementService  : infor message
2022-02-07 11:10:56.319 ERROR 3488 --- [http-nio-8080-exec-4] c.p.b.controller.RegistryController      : error happened
2022-02-07 11:10:56.319 DEBUG 3488 --- [http-nio-8080-exec-4] c.p.b.controller.RegistryController      : debug needed
2022-02-07 11:10:56.319  WARN 3488 --- [http-nio-8080-exec-4] c.p.b.controller.RegistryController      : warning
2022-02-07 11:10:56.320  INFO 3488 --- [http-nio-8080-exec-4] c.p.b.controller.RegistryController      : infor message
2022-02-07 11:10:56.320 ERROR 3488 --- [http-nio-8080-exec-4] c.p.b.s.Implementation.StatementService  : error happened
2022-02-07 11:10:56.320 DEBUG 3488 --- [http-nio-8080-exec-4] c.p.b.s.Implementation.StatementService  : debug needed
2022-02-07 11:10:56.320  WARN 3488 --- [http-nio-8080-exec-4] c.p.b.s.Implementation.StatementService  : warning
2022-02-07 11:10:56.320  INFO 3488 --- [http-nio-8080-exec-4] c.p.b.s.Implementation.StatementService  : infor message
2022-02-07 11:38:13.398  INFO 12696 --- [main] c.p.b.Service.SavingsAccServiceTest      : Starting SavingsAccServiceTest using Java 1.8.0_261 on Muhammed-Arshad with PID 12696 (started by user in D:\BankingAppBackup\Back-End\bankingapplication)
2022-02-07 11:38:13.402 DEBUG 12696 --- [main] c.p.b.Service.SavingsAccServiceTest      : Running with Spring Boot v2.6.3, Spring v5.3.15
2022-02-07 11:38:13.402  INFO 12696 --- [main] c.p.b.Service.SavingsAccServiceTest      : No active profile set, falling back to default profiles: default
2022-02-07 11:38:16.261  INFO 12696 --- [main] .s.d.r.c.RepositoryConfigurationDelegate : Bootstrapping Spring Data JPA repositories in DEFAULT mode.
2022-02-07 11:38:16.485  INFO 12696 --- [main] .s.d.r.c.RepositoryConfigurationDelegate : Finished Spring Data repository scanning in 209 ms. Found 8 JPA repository interfaces.
2022-02-07 11:38:20.049  INFO 12696 --- [main] o.hibernate.jpa.internal.util.LogHelper  : HHH000204: Processing PersistenceUnitInfo [name: default]
2022-02-07 11:38:20.349  INFO 12696 --- [main] org.hibernate.Version                    : HHH000412: Hibernate ORM core version 5.6.4.Final
2022-02-07 11:38:20.510  INFO 12696 --- [main] o.hibernate.annotations.common.Version   : HCANN000001: Hibernate Commons Annotations {5.1.2.Final}
2022-02-07 11:38:21.169  INFO 12696 --- [main] com.zaxxer.hikari.HikariDataSource       : HikariPool-1 - Starting...
2022-02-07 11:38:21.832  INFO 12696 --- [main] com.zaxxer.hikari.HikariDataSource       : HikariPool-1 - Start completed.
2022-02-07 11:38:21.925  INFO 12696 --- [main] org.hibernate.dialect.Dialect            : HHH000400: Using dialect: org.hibernate.dialect.MySQL8Dialect
2022-02-07 11:38:23.861  INFO 12696 --- [main] o.h.e.t.j.p.i.JtaPlatformInitiator       : HHH000490: Using JtaPlatform implementation: [org.hibernate.engine.transaction.jta.platform.internal.NoJtaPlatform]
2022-02-07 11:38:23.877  INFO 12696 --- [main] j.LocalContainerEntityManagerFactoryBean : Initialized JPA EntityManagerFactory for persistence unit 'default'
2022-02-07 11:38:26.455  WARN 12696 --- [main] ion$DefaultTemplateResolverConfiguration : Cannot find template location: classpath:/templates/ (please add some templates or check your Thymeleaf configuration)
2022-02-07 11:38:28.189  WARN 12696 --- [main] JpaBaseConfiguration$JpaWebConfiguration : spring.jpa.open-in-view is enabled by default. Therefore, database queries may be performed during view rendering. Explicitly configure spring.jpa.open-in-view to disable this warning
2022-02-07 11:38:33.476  INFO 12696 --- [main] c.p.b.Service.SavingsAccServiceTest      : Started SavingsAccServiceTest in 21.011 seconds (JVM running for 28.718)
2022-02-07 11:38:34.154  INFO 12696 --- [SpringApplicationShutdownHook] j.LocalContainerEntityManagerFactoryBean : Closing JPA EntityManagerFactory for persistence unit 'default'
2022-02-07 11:38:34.162  INFO 12696 --- [SpringApplicationShutdownHook] com.zaxxer.hikari.HikariDataSource       : HikariPool-1 - Shutdown initiated...
2022-02-07 11:38:34.255  INFO 12696 --- [SpringApplicationShutdownHook] com.zaxxer.hikari.HikariDataSource       : HikariPool-1 - Shutdown completed.
